------------------------------------------------------------------------------------------------------------------------

[2021-11-14 14:58:36 #1 store] 
Database 'D:\Coding\git\Bets21\src\main\resources\bets.temp' is opened by 11032@DESKTOP-GUIG4CC

[2021-11-14 14:58:36 #2 store] 
Configuration path: D:\Coding\git\Bets21\objectdb-2.8.6\objectdb.conf

[2021-11-14 14:58:36 #3 type] 
Type domain.Apustua is not enhanced.

[2021-11-14 14:58:36 #4 type] 
Type domain.Pronostikoa is not enhanced.

[2021-11-14 14:58:36 #5 type] 
Type domain.Pertsona is not enhanced.

[2021-11-14 14:58:36 #6 type] 
Type domain.Bezeroa is not enhanced.

[2021-11-14 14:58:36 #7 type] 
Type domain.Question is not enhanced.

[2021-11-14 14:58:36 #8 type] 
Type domain.ArretaElkarrizketa is not enhanced.

[2021-11-14 14:58:36 #9 type] 
Type domain.Errepikapena is not enhanced.

[2021-11-14 14:58:36 #10 type] 
Type domain.Mezua is not enhanced.

[2021-11-14 14:58:36 #11 type] 
Type domain.BezeroartekoMezua is not enhanced.

[2021-11-14 14:58:36 #12 type] 
Type domain.Mugimendua is not enhanced.

[2021-11-14 14:58:36 #13 type] 
Type domain.Event is not enhanced.

[2021-11-14 14:58:36 #14 type] 
Type domain.ArretaMezua is not enhanced.

[2021-11-14 14:58:36 #15 type] 
Type domain.Langilea is not enhanced.

------------------------------------------------------------------------------------------------------------------------

[2021-11-14 15:00:30 #1 config] 
Invalid or expired activation code: AP32-GE4T-4R1Y-ZDJ9-ZX1

[2021-11-14 15:00:30 #2 store] 
Database 'D:\Coding\git\Bets21\src\main\resources\bets.temp' is opened by 19900@DESKTOP-GUIG4CC

[2021-11-14 15:00:30 #3 store] 
Configuration path: D:\Coding\git\Bets21\objectdb-2.8.6\objectdb.conf

[2021-11-14 15:00:30 #4 type] 
Type domain.Apustua is not enhanced.

[2021-11-14 15:00:30 #5 type] 
Type domain.Pronostikoa is not enhanced.

[2021-11-14 15:00:30 #6 type] 
Type domain.Pertsona is not enhanced.

[2021-11-14 15:00:30 #7 type] 
Type domain.Bezeroa is not enhanced.

[2021-11-14 15:00:30 #8 type] 
Type domain.Question is not enhanced.

[2021-11-14 15:00:30 #9 type] 
Type domain.ArretaElkarrizketa is not enhanced.

[2021-11-14 15:00:30 #10 type] 
Type domain.Errepikapena is not enhanced.

[2021-11-14 15:00:30 #11 type] 
Type domain.Mezua is not enhanced.

[2021-11-14 15:00:30 #12 type] 
Type domain.BezeroartekoMezua is not enhanced.

[2021-11-14 15:00:30 #13 type] 
Type domain.Mugimendua is not enhanced.

[2021-11-14 15:00:30 #14 type] 
Type domain.Event is not enhanced.

[2021-11-14 15:00:30 #15 type] 
Type domain.ArretaMezua is not enhanced.

[2021-11-14 15:00:30 #16 type] 
Type domain.Langilea is not enhanced.

------------------------------------------------------------------------------------------------------------------------

[2021-11-14 15:00:41 #1 store] 
Database 'D:\Coding\git\Bets21\src\main\resources\bets.temp' is opened by 13880@DESKTOP-GUIG4CC

[2021-11-14 15:00:41 #2 store] 
Configuration path: D:\Coding\git\Bets21\objectdb-2.8.6\objectdb.conf

[2021-11-14 15:00:41 #3 type] 
Type domain.Apustua is not enhanced.

[2021-11-14 15:00:41 #4 type] 
Type domain.Pronostikoa is not enhanced.

[2021-11-14 15:00:41 #5 type] 
Type domain.Pertsona is not enhanced.

[2021-11-14 15:00:41 #6 type] 
Type domain.Bezeroa is not enhanced.

[2021-11-14 15:00:41 #7 type] 
Type domain.Question is not enhanced.

[2021-11-14 15:00:41 #8 type] 
Type domain.ArretaElkarrizketa is not enhanced.

[2021-11-14 15:00:41 #9 type] 
Type domain.Errepikapena is not enhanced.

[2021-11-14 15:00:41 #10 type] 
Type domain.Mezua is not enhanced.

[2021-11-14 15:00:41 #11 type] 
Type domain.BezeroartekoMezua is not enhanced.

[2021-11-14 15:00:41 #12 type] 
Type domain.Mugimendua is not enhanced.

[2021-11-14 15:00:41 #13 type] 
Type domain.Event is not enhanced.

[2021-11-14 15:00:41 #14 type] 
Type domain.ArretaMezua is not enhanced.

[2021-11-14 15:00:41 #15 type] 
Type domain.Langilea is not enhanced.

[2021-11-14 15:00:41 #16 type] 
Type domain.Admin is not enhanced.

------------------------------------------------------------------------------------------------------------------------

[2021-11-14 15:02:27 #1 store] 
Database 'D:\Coding\git\Bets21\src\main\resources\bets.temp' is opened by 18652@DESKTOP-GUIG4CC

[2021-11-14 15:02:27 #2 store] 
Configuration path: D:\Coding\git\Bets21\objectdb-2.8.6\objectdb.conf

[2021-11-14 15:02:27 #3 type] 
Type domain.Apustua is not enhanced.

[2021-11-14 15:02:27 #4 type] 
Type domain.Pronostikoa is not enhanced.

[2021-11-14 15:02:27 #5 type] 
Type domain.Pertsona is not enhanced.

[2021-11-14 15:02:27 #6 type] 
Type domain.Bezeroa is not enhanced.

[2021-11-14 15:02:27 #7 type] 
Type domain.Question is not enhanced.

[2021-11-14 15:02:27 #8 type] 
Type domain.ArretaElkarrizketa is not enhanced.

[2021-11-14 15:02:27 #9 type] 
Type domain.Errepikapena is not enhanced.

[2021-11-14 15:02:27 #10 type] 
Type domain.Mezua is not enhanced.

[2021-11-14 15:02:27 #11 type] 
Type domain.BezeroartekoMezua is not enhanced.

[2021-11-14 15:02:27 #12 type] 
Type domain.Mugimendua is not enhanced.

[2021-11-14 15:02:27 #13 type] 
Type domain.Event is not enhanced.

[2021-11-14 15:02:27 #14 type] 
Type domain.ArretaMezua is not enhanced.

[2021-11-14 15:02:27 #15 type] 
Type domain.Langilea is not enhanced.

[2021-11-14 15:02:27 #16 type] 
Type domain.Admin is not enhanced.

------------------------------------------------------------------------------------------------------------------------

[2021-11-14 15:02:43 #1 store] 
Database 'D:\Coding\git\Bets21\src\main\resources\bets.temp' is opened by 10248@DESKTOP-GUIG4CC

[2021-11-14 15:02:43 #2 store] 
Configuration path: D:\Coding\git\Bets21\objectdb-2.8.6\objectdb.conf

[2021-11-14 15:02:43 #3 type] 
Type domain.Apustua is not enhanced.

[2021-11-14 15:02:43 #4 type] 
Type domain.Pronostikoa is not enhanced.

[2021-11-14 15:02:43 #5 type] 
Type domain.Pertsona is not enhanced.

[2021-11-14 15:02:43 #6 type] 
Type domain.Bezeroa is not enhanced.

[2021-11-14 15:02:43 #7 type] 
Type domain.Question is not enhanced.

[2021-11-14 15:02:43 #8 type] 
Type domain.ArretaElkarrizketa is not enhanced.

[2021-11-14 15:02:43 #9 type] 
Type domain.Errepikapena is not enhanced.

[2021-11-14 15:02:43 #10 type] 
Type domain.Mezua is not enhanced.

[2021-11-14 15:02:43 #11 type] 
Type domain.BezeroartekoMezua is not enhanced.

[2021-11-14 15:02:43 #12 type] 
Type domain.Mugimendua is not enhanced.

[2021-11-14 15:02:43 #13 type] 
Type domain.Event is not enhanced.

[2021-11-14 15:02:43 #14 type] 
Type domain.ArretaMezua is not enhanced.

[2021-11-14 15:02:43 #15 type] 
Type domain.Langilea is not enhanced.

[2021-11-14 15:02:43 #16 type] 
Type domain.Admin is not enhanced.

