SonarCloud plugins:
  - CSS Code Quality and Security 1.4.2.2002 (cssfamily)
  - IaC Code Quality and Security 1.2.0.976 (iac)
  - PL/SQL Code Quality and Security 3.6.1.3873 (plsql)
  - Scala Code Quality and Security 1.8.3.2219 (sonarscala)
  - C# Code Quality and Security 8.30.0.37606 (csharp)
  - Vulnerability Analysis 9.2.0-M1.13789 (security)
  - Java Code Quality and Security 7.3.0.27589 (java)
  - HTML Code Quality and Security 3.4.0.2754 (web)
  - Flex Code Quality and Security 2.6.2.2641 (flex)
  - XML Code Quality and Security 2.3.0.3155 (xml)
  - VB.NET Code Quality and Security 8.30.0.37606 (vbnet)
  - Swift Code Quality and Security 4.3.2.5043 (swift)
  - CFamily Code Quality and Security 6.26.0.36731 (cpp)
  - Python Code Quality and Security 3.6.0.8488 (python)
  - Go Code Quality and Security 1.8.3.2219 (go)
  - JaCoCo 1.1.1.1157 (jacoco)
  - Kotlin Code Quality and Security 2.3.0.609 (kotlin)
  - Mercurial 1.1.2 (scmmercurial)
  - T-SQL Code Quality and Security 1.5.1.4340 (tsql)
  - Apex Code Quality and Security 1.8.3.2219 (sonarapex)
  - JavaScript/TypeScript Code Quality and Security 8.4.0.16431 (javascript)
  - Ruby Code Quality and Security 1.8.3.2219 (ruby)
  - Vulnerability Rules for C# 9.2.0-M1.13789 (securitycsharpfrontend)
  - Vulnerability Rules for Java 9.2.0-M1.13789 (securityjavafrontend)
  - License for SonarLint 8.0.0.23912 (license)
  - Vulnerability Rules for JS 9.2.0-M1.13789 (securityjsfrontend)
  - COBOL Code Quality 4.6.2.4876 (cobol)
  - Vulnerability Rules for Python 9.2.0-M1.13789 (securitypythonfrontend)
  - PHP Code Quality and Security 3.21.0.8193 (php)
  - ABAP Code Quality and Security 3.9.1.3127 (abap)
  - Configuration detection fot Code Quality and Security 1.0.0.32 (config)
  - Vulnerability Rules for PHP 9.2.0-M1.13789 (securityphpfrontend)
Global server settings:
  - email.from=noreply@sonarcloud.io
  - email.fromName=SonarCloud
  - email.prefix=[SonarCloud]
  - node_10_end_of_support_date=1620604800000
  - node_10_grace_period_termination_date=1621814400000
  - sonar.auth.bitbucket.enabled=true
  - sonar.auth.microsoft.enabled=true
  - sonar.core.id=1BD809FA-AWHW8ct9-T_TB3XqouNu
  - sonar.core.serverBaseURL=https://sonarcloud.io
  - sonar.core.startTime=2021-10-14T11:10:23+0200
  - sonar.dbcleaner.weeksBeforeDeletingAllSnapshots=260
  - sonar.dbcleaner.weeksBeforeKeepingOnlyOneSnapshotByMonth=4
  - sonar.dbcleaner.weeksBeforeKeepingOnlyOneSnapshotByWeek=1
  - sonar.lf.enableGravatar=true
  - sonar.lf.logoWidthPx=105
  - sonar.organizations.anyoneCanCreate=true
  - sonar.organizations.createPersonalOrg=true
  - sonar.plsql.file.suffixes=sql,tab,pkb
  - sonar.tsql.file.suffixes=.tsql
Project server settings:
Project scanner properties:
  - sonar.binaries=/root/git/Bets21/target/classes
  - sonar.groovy.binaries=/root/git/Bets21/target/classes
  - sonar.host.url=https://sonarcloud.io
  - sonar.java.binaries=/root/git/Bets21/target/classes
  - sonar.java.libraries=/root/.m2/repository/com/toedter/jcalendar/1.4/jcalendar-1.4.jar,/root/.m2/repository/jakarta/xml/bind/jakarta.xml.bind-api/2.3.2/jakarta.xml.bind-api-2.3.2.jar,/root/.m2/repository/jakarta/activation/jakarta.activation-api/1.2.1/jakarta.activation-api-1.2.1.jar,/root/.m2/repository/org/glassfish/jaxb/jaxb-runtime/2.3.2/jaxb-runtime-2.3.2.jar,/root/.m2/repository/org/glassfish/jaxb/txw2/2.3.2/txw2-2.3.2.jar,/root/.m2/repository/com/sun/istack/istack-commons-runtime/3.0.8/istack-commons-runtime-3.0.8.jar,/root/.m2/repository/org/jvnet/staxex/stax-ex/1.8.1/stax-ex-1.8.1.jar,/root/.m2/repository/com/sun/xml/fastinfoset/FastInfoset/1.2.16/FastInfoset-1.2.16.jar,/root/.m2/repository/jakarta/xml/ws/jakarta.xml.ws-api/2.3.2/jakarta.xml.ws-api-2.3.2.jar,/root/.m2/repository/jakarta/xml/soap/jakarta.xml.soap-api/1.4.1/jakarta.xml.soap-api-1.4.1.jar,/root/.m2/repository/jakarta/annotation/jakarta.annotation-api/1.3.4/jakarta.annotation-api-1.3.4.jar,/root/.m2/repository/jakarta/jws/jakarta.jw...
  - sonar.java.source=1.8
  - sonar.java.target=1.8
  - sonar.java.test.binaries=/root/git/Bets21/target/test-classes
  - sonar.java.test.libraries=/root/git/Bets21/target/classes,/root/.m2/repository/junit/junit/4.5/junit-4.5.jar,/root/.m2/repository/com/toedter/jcalendar/1.4/jcalendar-1.4.jar,/root/.m2/repository/jakarta/xml/bind/jakarta.xml.bind-api/2.3.2/jakarta.xml.bind-api-2.3.2.jar,/root/.m2/repository/jakarta/activation/jakarta.activation-api/1.2.1/jakarta.activation-api-1.2.1.jar,/root/.m2/repository/org/glassfish/jaxb/jaxb-runtime/2.3.2/jaxb-runtime-2.3.2.jar,/root/.m2/repository/org/glassfish/jaxb/txw2/2.3.2/txw2-2.3.2.jar,/root/.m2/repository/com/sun/istack/istack-commons-runtime/3.0.8/istack-commons-runtime-3.0.8.jar,/root/.m2/repository/org/jvnet/staxex/stax-ex/1.8.1/stax-ex-1.8.1.jar,/root/.m2/repository/com/sun/xml/fastinfoset/FastInfoset/1.2.16/FastInfoset-1.2.16.jar,/root/.m2/repository/jakarta/xml/ws/jakarta.xml.ws-api/2.3.2/jakarta.xml.ws-api-2.3.2.jar,/root/.m2/repository/jakarta/xml/soap/jakarta.xml.soap-api/1.4.1/jakarta.xml.soap-api-1.4.1.jar,/root/.m2/repository/jakarta/annotation/jakarta.annotation-api...
  - sonar.junit.reportPaths=/root/git/Bets21/target/surefire-reports
  - sonar.junit.reportsPath=/root/git/Bets21/target/surefire-reports
  - sonar.libraries=/root/.m2/repository/com/toedter/jcalendar/1.4/jcalendar-1.4.jar,/root/.m2/repository/jakarta/xml/bind/jakarta.xml.bind-api/2.3.2/jakarta.xml.bind-api-2.3.2.jar,/root/.m2/repository/jakarta/activation/jakarta.activation-api/1.2.1/jakarta.activation-api-1.2.1.jar,/root/.m2/repository/org/glassfish/jaxb/jaxb-runtime/2.3.2/jaxb-runtime-2.3.2.jar,/root/.m2/repository/org/glassfish/jaxb/txw2/2.3.2/txw2-2.3.2.jar,/root/.m2/repository/com/sun/istack/istack-commons-runtime/3.0.8/istack-commons-runtime-3.0.8.jar,/root/.m2/repository/org/jvnet/staxex/stax-ex/1.8.1/stax-ex-1.8.1.jar,/root/.m2/repository/com/sun/xml/fastinfoset/FastInfoset/1.2.16/FastInfoset-1.2.16.jar,/root/.m2/repository/jakarta/xml/ws/jakarta.xml.ws-api/2.3.2/jakarta.xml.ws-api-2.3.2.jar,/root/.m2/repository/jakarta/xml/soap/jakarta.xml.soap-api/1.4.1/jakarta.xml.soap-api-1.4.1.jar,/root/.m2/repository/jakarta/annotation/jakarta.annotation-api/1.3.4/jakarta.annotation-api-1.3.4.jar,/root/.m2/repository/jakarta/jws/jakarta.jw...
  - sonar.links.ci=
  - sonar.links.homepage=
  - sonar.links.issue=
  - sonar.links.scm=
  - sonar.links.scm_dev=
  - sonar.login=******
  - sonar.moduleKey=Bets2222:Bets2222
  - sonar.organization=inakimoreno-1
  - sonar.projectBaseDir=/root/git/Bets21
  - sonar.projectBuildDir=/root/git/Bets21/target
  - sonar.projectKey=Bets2222:Bets2222
  - sonar.projectName=Bets2222
  - sonar.projectVersion=0.0.1-SNAPSHOT
  - sonar.scanner.app=ScannerMaven
  - sonar.scanner.appVersion=3.9.0.2155/3.6.3
  - sonar.sourceEncoding=UTF-8
  - sonar.sources=/root/git/Bets21/pom.xml,/root/git/Bets21/src/main/java
  - sonar.tests=/root/git/Bets21/src/test/java
  - sonar.verbose=true
  - sonar.working.directory=/root/git/Bets21/target/sonar
