------------------------------------------------------------------------------------------------------------------------

[2021-09-27 20:08:09 #1 store] 
Database '/root/git/Bets21/src/main/resources/bets.temp' is opened by 9524@inakimoreno

[2021-09-27 20:08:09 #2 store] 
Configuration path: /home/inakimoreno/Desktop/objectdb-2.8.6/objectdb.conf

[2021-09-27 20:08:09 #3 type] 
Type domain.Apustua is not enhanced.

[2021-09-27 20:08:09 #4 type] 
Type domain.Pronostikoa is not enhanced.

[2021-09-27 20:08:09 #5 type] 
Type domain.Pertsona is not enhanced.

[2021-09-27 20:08:09 #6 type] 
Type domain.Bezeroa is not enhanced.

[2021-09-27 20:08:09 #7 type] 
Type domain.Question is not enhanced.

[2021-09-27 20:08:09 #8 type] 
Type domain.ArretaElkarrizketa is not enhanced.

[2021-09-27 20:08:09 #9 type] 
Type domain.Errepikapena is not enhanced.

[2021-09-27 20:08:09 #10 type] 
Type domain.Mezua is not enhanced.

[2021-09-27 20:08:09 #11 type] 
Type domain.BezeroartekoMezua is not enhanced.

[2021-09-27 20:08:09 #12 type] 
Type domain.Mugimendua is not enhanced.

[2021-09-27 20:08:09 #13 type] 
Type domain.Event is not enhanced.

[2021-09-27 20:08:09 #14 type] 
Type domain.ArretaMezua is not enhanced.

[2021-09-27 20:08:09 #15 type] 
Type domain.Langilea is not enhanced.

[2021-09-27 20:08:09 #16 type] 
Type domain.Admin is not enhanced.

