------------------------------------------------------------------------------------------------------------------------

[2021-09-28 08:36:58 #1 store] 
Database '/root/git/Bets21/src/main/resources/bets.temp' is opened by 4479@inakimoreno

[2021-09-28 08:36:58 #2 store] 
Configuration path: /home/inakimoreno/Desktop/objectdb-2.8.6/objectdb.conf

[2021-09-28 08:36:59 #3 type] 
Type domain.Apustua is not enhanced.

[2021-09-28 08:36:59 #4 type] 
Type domain.Pronostikoa is not enhanced.

[2021-09-28 08:36:59 #5 type] 
Type domain.Pertsona is not enhanced.

[2021-09-28 08:36:59 #6 type] 
Type domain.Bezeroa is not enhanced.

[2021-09-28 08:36:59 #7 type] 
Type domain.Question is not enhanced.

[2021-09-28 08:36:59 #8 type] 
Type domain.ArretaElkarrizketa is not enhanced.

[2021-09-28 08:36:59 #9 type] 
Type domain.Errepikapena is not enhanced.

[2021-09-28 08:36:59 #10 type] 
Type domain.Mezua is not enhanced.

[2021-09-28 08:36:59 #11 type] 
Type domain.BezeroartekoMezua is not enhanced.

[2021-09-28 08:36:59 #12 type] 
Type domain.Mugimendua is not enhanced.

[2021-09-28 08:36:59 #13 type] 
Type domain.Event is not enhanced.

[2021-09-28 08:36:59 #14 type] 
Type domain.ArretaMezua is not enhanced.

[2021-09-28 08:36:59 #15 type] 
Type domain.Langilea is not enhanced.

[2021-09-28 08:36:59 #16 type] 
Type domain.Admin is not enhanced.

