------------------------------------------------------------------------------------------------------------------------

[2021-10-03 20:15:34 #1 store] 
Database '/root/git/Bets21/src/main/resources/bets.temp' is opened by 4021@inakimoreno

[2021-10-03 20:15:34 #2 store] 
Configuration path: /home/inakimoreno/Desktop/objectdb-2.8.6/objectdb.conf

[2021-10-03 20:15:35 #3 type] 
Type domain.Event is not enhanced.

[2021-10-03 20:15:35 #4 type] 
Type domain.Question is not enhanced.

[2021-10-03 20:15:35 #5 type] 
Type domain.Pronostikoa is not enhanced.

[2021-10-03 20:15:35 #6 type] 
Type domain.Apustua is not enhanced.

[2021-10-03 20:15:35 #7 type] 
Type domain.Pertsona is not enhanced.

[2021-10-03 20:15:35 #8 type] 
Type domain.Bezeroa is not enhanced.

[2021-10-03 20:15:35 #9 type] 
Type domain.ArretaElkarrizketa is not enhanced.

[2021-10-03 20:15:35 #10 type] 
Type domain.Errepikapena is not enhanced.

[2021-10-03 20:15:35 #11 type] 
Type domain.Mezua is not enhanced.

[2021-10-03 20:15:35 #12 type] 
Type domain.BezeroartekoMezua is not enhanced.

[2021-10-03 20:15:35 #13 type] 
Type domain.Mugimendua is not enhanced.

[2021-10-03 20:15:35 #14 type] 
Type domain.ArretaMezua is not enhanced.

[2021-10-03 20:15:35 #15 type] 
Type domain.Langilea is not enhanced.

