------------------------------------------------------------------------------------------------------------------------

[2021-11-10 18:46:11 #1 store] 
Database 'C:\Users\Iñaki Moreno\Desktop\SELAB\repos\Bets21\src\main\resources\bets.temp' is opened by 8208@DESKTOP-UN6F2EK

[2021-11-10 18:46:11 #2 store] 
Configuration path: C:\Users\Iñaki Moreno\Desktop\SELAB\repos\Bets21\objectdb-2.8.6\objectdb.conf

[2021-11-10 18:46:11 #3 type] 
Type domain.Apustua is not enhanced.

[2021-11-10 18:46:11 #4 type] 
Type domain.Pronostikoa is not enhanced.

[2021-11-10 18:46:11 #5 type] 
Type domain.Pertsona is not enhanced.

[2021-11-10 18:46:11 #6 type] 
Type domain.Bezeroa is not enhanced.

[2021-11-10 18:46:11 #7 type] 
Type domain.Question is not enhanced.

[2021-11-10 18:46:11 #8 type] 
Type domain.ArretaElkarrizketa is not enhanced.

[2021-11-10 18:46:11 #9 type] 
Type domain.Errepikapena is not enhanced.

[2021-11-10 18:46:11 #10 type] 
Type domain.Mezua is not enhanced.

[2021-11-10 18:46:11 #11 type] 
Type domain.BezeroartekoMezua is not enhanced.

[2021-11-10 18:46:11 #12 type] 
Type domain.Mugimendua is not enhanced.

[2021-11-10 18:46:11 #13 type] 
Type domain.Event is not enhanced.

[2021-11-10 18:46:11 #14 type] 
Type domain.ArretaMezua is not enhanced.

[2021-11-10 18:46:11 #15 type] 
Type domain.Langilea is not enhanced.

------------------------------------------------------------------------------------------------------------------------

[2021-11-10 18:47:04 #1 store] 
Database 'C:\Users\Iñaki Moreno\Desktop\SELAB\repos\Bets21\src\main\resources\bets.temp' is opened by 14908@DESKTOP-UN6F2EK

[2021-11-10 18:47:04 #2 store] 
Configuration path: C:\Users\Iñaki Moreno\Desktop\SELAB\repos\Bets21\objectdb-2.8.6\objectdb.conf

[2021-11-10 18:47:04 #3 type] 
Type domain.Apustua is not enhanced.

[2021-11-10 18:47:04 #4 type] 
Type domain.Pronostikoa is not enhanced.

[2021-11-10 18:47:04 #5 type] 
Type domain.Pertsona is not enhanced.

[2021-11-10 18:47:04 #6 type] 
Type domain.Bezeroa is not enhanced.

[2021-11-10 18:47:04 #7 type] 
Type domain.Question is not enhanced.

[2021-11-10 18:47:04 #8 type] 
Type domain.ArretaElkarrizketa is not enhanced.

[2021-11-10 18:47:04 #9 type] 
Type domain.Errepikapena is not enhanced.

[2021-11-10 18:47:04 #10 type] 
Type domain.Mezua is not enhanced.

[2021-11-10 18:47:04 #11 type] 
Type domain.BezeroartekoMezua is not enhanced.

[2021-11-10 18:47:04 #12 type] 
Type domain.Mugimendua is not enhanced.

[2021-11-10 18:47:04 #13 type] 
Type domain.Event is not enhanced.

[2021-11-10 18:47:04 #14 type] 
Type domain.ArretaMezua is not enhanced.

[2021-11-10 18:47:04 #15 type] 
Type domain.Langilea is not enhanced.

------------------------------------------------------------------------------------------------------------------------

[2021-11-10 19:38:31 #1 store] 
Database 'C:\Users\Iñaki Moreno\Desktop\SELAB\repos\Bets21\src\main\resources\bets.temp' is opened by 27956@DESKTOP-UN6F2EK

[2021-11-10 19:38:31 #2 store] 
Configuration path: C:\Users\Iñaki Moreno\Desktop\SELAB\repos\Bets21\objectdb-2.8.6\objectdb.conf

[2021-11-10 19:38:31 #3 type] 
Type domain.Apustua is not enhanced.

[2021-11-10 19:38:31 #4 type] 
Type domain.Pronostikoa is not enhanced.

[2021-11-10 19:38:31 #5 type] 
Type domain.Pertsona is not enhanced.

[2021-11-10 19:38:31 #6 type] 
Type domain.Bezeroa is not enhanced.

[2021-11-10 19:38:31 #7 type] 
Type domain.Question is not enhanced.

[2021-11-10 19:38:31 #8 type] 
Type domain.ArretaElkarrizketa is not enhanced.

[2021-11-10 19:38:31 #9 type] 
Type domain.Errepikapena is not enhanced.

[2021-11-10 19:38:31 #10 type] 
Type domain.Mezua is not enhanced.

[2021-11-10 19:38:31 #11 type] 
Type domain.BezeroartekoMezua is not enhanced.

[2021-11-10 19:38:31 #12 type] 
Type domain.Mugimendua is not enhanced.

[2021-11-10 19:38:31 #13 type] 
Type domain.Event is not enhanced.

[2021-11-10 19:38:31 #14 type] 
Type domain.ArretaMezua is not enhanced.

[2021-11-10 19:38:31 #15 type] 
Type domain.Langilea is not enhanced.

------------------------------------------------------------------------------------------------------------------------

[2021-11-10 19:41:07 #1 store] 
Database 'C:\Users\Iñaki Moreno\Desktop\SELAB\repos\Bets21\src\main\resources\bets.temp' is opened by 29488@DESKTOP-UN6F2EK

[2021-11-10 19:41:07 #2 store] 
Configuration path: C:\Users\Iñaki Moreno\Desktop\SELAB\repos\Bets21\objectdb-2.8.6\objectdb.conf

[2021-11-10 19:41:07 #3 type] 
Type domain.Apustua is not enhanced.

[2021-11-10 19:41:07 #4 type] 
Type domain.Pronostikoa is not enhanced.

[2021-11-10 19:41:07 #5 type] 
Type domain.Pertsona is not enhanced.

[2021-11-10 19:41:07 #6 type] 
Type domain.Bezeroa is not enhanced.

[2021-11-10 19:41:07 #7 type] 
Type domain.Question is not enhanced.

[2021-11-10 19:41:07 #8 type] 
Type domain.ArretaElkarrizketa is not enhanced.

[2021-11-10 19:41:07 #9 type] 
Type domain.Errepikapena is not enhanced.

[2021-11-10 19:41:07 #10 type] 
Type domain.Mezua is not enhanced.

[2021-11-10 19:41:07 #11 type] 
Type domain.BezeroartekoMezua is not enhanced.

[2021-11-10 19:41:07 #12 type] 
Type domain.Mugimendua is not enhanced.

[2021-11-10 19:41:07 #13 type] 
Type domain.Event is not enhanced.

[2021-11-10 19:41:07 #14 type] 
Type domain.ArretaMezua is not enhanced.

[2021-11-10 19:41:07 #15 type] 
Type domain.Langilea is not enhanced.

